[2024-10-27 04:59:52Z INFO HostContext] No proxy settings were found based on environmental variables (http_proxy/https_proxy/HTTP_PROXY/HTTPS_PROXY)
[2024-10-27 04:59:52Z INFO HostContext] Well known directory 'Bin': 'C:\Users\micha\Downloads\MLOps-Task\action-runner\bin'
[2024-10-27 04:59:52Z INFO HostContext] Well known directory 'Root': 'C:\Users\micha\Downloads\MLOps-Task\action-runner'
[2024-10-27 04:59:52Z INFO HostContext] Well known config file 'Credentials': 'C:\Users\micha\Downloads\MLOps-Task\action-runner\.credentials'
[2024-10-27 04:59:52Z INFO HostContext] Well known directory 'Bin': 'C:\Users\micha\Downloads\MLOps-Task\action-runner\bin'
[2024-10-27 04:59:52Z INFO HostContext] Well known directory 'Root': 'C:\Users\micha\Downloads\MLOps-Task\action-runner'
[2024-10-27 04:59:52Z INFO HostContext] Well known config file 'Runner': 'C:\Users\micha\Downloads\MLOps-Task\action-runner\.runner'
[2024-10-27 04:59:52Z INFO Listener] Runner is built for Windows (X64) - win-x64.
[2024-10-27 04:59:52Z INFO Listener] RuntimeInformation: Microsoft Windows 10.0.22631.
[2024-10-27 04:59:52Z INFO Listener] Version: 2.320.0
[2024-10-27 04:59:52Z INFO Listener] Commit: 78f21670b4a58aff19b5189207f54eb2bee324d1
[2024-10-27 04:59:52Z INFO Listener] Culture: en-ID
[2024-10-27 04:59:52Z INFO Listener] UI Culture: en-US
[2024-10-27 04:59:52Z INFO HostContext] Well known directory 'Bin': 'C:\Users\micha\Downloads\MLOps-Task\action-runner\bin'
[2024-10-27 04:59:52Z INFO HostContext] Well known directory 'Root': 'C:\Users\micha\Downloads\MLOps-Task\action-runner'
[2024-10-27 04:59:52Z INFO Listener] Validating directory permissions for: 'C:\Users\micha\Downloads\MLOps-Task\action-runner'
[2024-10-27 04:59:52Z INFO CommandLineParser] Parse
[2024-10-27 04:59:52Z INFO CommandLineParser] Parsing 1 args
[2024-10-27 04:59:52Z INFO CommandLineParser] parsing argument
[2024-10-27 04:59:52Z INFO CommandLineParser] HasArgs: False
[2024-10-27 04:59:52Z INFO CommandLineParser] Adding Command: run
[2024-10-27 04:59:52Z INFO Listener] Arguments parsed
[2024-10-27 04:59:52Z INFO Runner] ExecuteCommand
[2024-10-27 04:59:52Z INFO ConfigurationStore] currentAssemblyLocation: C:\Users\micha\Downloads\MLOps-Task\action-runner\bin\Runner.Listener.dll
[2024-10-27 04:59:52Z INFO HostContext] Well known directory 'Bin': 'C:\Users\micha\Downloads\MLOps-Task\action-runner\bin'
[2024-10-27 04:59:52Z INFO ConfigurationStore] binPath: C:\Users\micha\Downloads\MLOps-Task\action-runner\bin
[2024-10-27 04:59:52Z INFO HostContext] Well known directory 'Bin': 'C:\Users\micha\Downloads\MLOps-Task\action-runner\bin'
[2024-10-27 04:59:52Z INFO HostContext] Well known directory 'Root': 'C:\Users\micha\Downloads\MLOps-Task\action-runner'
[2024-10-27 04:59:52Z INFO ConfigurationStore] RootFolder: C:\Users\micha\Downloads\MLOps-Task\action-runner
[2024-10-27 04:59:52Z INFO HostContext] Well known directory 'Bin': 'C:\Users\micha\Downloads\MLOps-Task\action-runner\bin'
[2024-10-27 04:59:52Z INFO HostContext] Well known directory 'Root': 'C:\Users\micha\Downloads\MLOps-Task\action-runner'
[2024-10-27 04:59:52Z INFO HostContext] Well known config file 'Runner': 'C:\Users\micha\Downloads\MLOps-Task\action-runner\.runner'
[2024-10-27 04:59:52Z INFO ConfigurationStore] ConfigFilePath: C:\Users\micha\Downloads\MLOps-Task\action-runner\.runner
[2024-10-27 04:59:52Z INFO HostContext] Well known directory 'Bin': 'C:\Users\micha\Downloads\MLOps-Task\action-runner\bin'
[2024-10-27 04:59:52Z INFO HostContext] Well known directory 'Root': 'C:\Users\micha\Downloads\MLOps-Task\action-runner'
[2024-10-27 04:59:52Z INFO HostContext] Well known config file 'Credentials': 'C:\Users\micha\Downloads\MLOps-Task\action-runner\.credentials'
[2024-10-27 04:59:52Z INFO ConfigurationStore] CredFilePath: C:\Users\micha\Downloads\MLOps-Task\action-runner\.credentials
[2024-10-27 04:59:52Z INFO HostContext] Well known directory 'Bin': 'C:\Users\micha\Downloads\MLOps-Task\action-runner\bin'
[2024-10-27 04:59:52Z INFO HostContext] Well known directory 'Root': 'C:\Users\micha\Downloads\MLOps-Task\action-runner'
[2024-10-27 04:59:52Z INFO HostContext] Well known config file 'MigratedCredentials': 'C:\Users\micha\Downloads\MLOps-Task\action-runner\.credentials_migrated'
[2024-10-27 04:59:52Z INFO ConfigurationStore] MigratedCredFilePath: C:\Users\micha\Downloads\MLOps-Task\action-runner\.credentials_migrated
[2024-10-27 04:59:52Z INFO HostContext] Well known directory 'Bin': 'C:\Users\micha\Downloads\MLOps-Task\action-runner\bin'
[2024-10-27 04:59:52Z INFO HostContext] Well known directory 'Root': 'C:\Users\micha\Downloads\MLOps-Task\action-runner'
[2024-10-27 04:59:52Z INFO HostContext] Well known config file 'Service': 'C:\Users\micha\Downloads\MLOps-Task\action-runner\.service'
[2024-10-27 04:59:52Z INFO ConfigurationStore] ServiceConfigFilePath: C:\Users\micha\Downloads\MLOps-Task\action-runner\.service
[2024-10-27 04:59:52Z INFO CommandSettings] Flag 'help': 'False'
[2024-10-27 04:59:52Z INFO CommandSettings] Flag 'version': 'False'
[2024-10-27 04:59:52Z INFO CommandSettings] Flag 'commit': 'False'
[2024-10-27 04:59:52Z INFO CommandSettings] Flag 'check': 'False'
[2024-10-27 04:59:52Z INFO CommandSettings] Command 'configure': 'False'
[2024-10-27 04:59:52Z INFO CommandSettings] Command 'remove': 'False'
[2024-10-27 04:59:52Z INFO CommandSettings] Command 'warmup': 'False'
[2024-10-27 04:59:52Z INFO ConfigurationManager] LoadSettings
[2024-10-27 04:59:52Z INFO ConfigurationStore] IsConfigured()
[2024-10-27 04:59:52Z INFO ConfigurationStore] IsConfigured: False
[2024-10-27 04:59:52Z INFO ConfigurationManager] Is configured: False
[2024-10-27 04:59:52Z ERR  Terminal] WRITE ERROR: An error occurred: Not configured. Run config.(sh/cmd) to configure the runner.
[2024-10-27 04:59:52Z ERR  Listener] GitHub.Runner.Common.NonRetryableException: Not configured. Run config.(sh/cmd) to configure the runner.
   at GitHub.Runner.Listener.Configuration.ConfigurationManager.LoadSettings()
   at GitHub.Runner.Listener.Runner.ExecuteCommand(CommandSettings command)
   at GitHub.Runner.Listener.Program.MainAsync(IHostContext context, String[] args)
